<?xml version="1.0" encoding="UTF-8"?>
<!-- Generated by org.testng.reporters.JUnitReportReporter -->
<testsuite hostname="DESKTOP-70NV8H6" failures="0" tests="1" name="java_test.AppTest" time="0.033" errors="0" timestamp="2020-04-27T10:14:33 GMT+04:00" skipped="0">
  <testcase classname="java_test.AppTest" name="shouldAnswerWithTrue" time="0.033"/>
  <system-out/>
</testsuite> <!-- java_test.AppTest -->
